<?xml version="1.0" encoding="UTF-8"?>
<testsuite name="Create an user on Reqres.in" tests="1" skipped="0" failures="0" errors="0" timestamp="2022-02-25T19:19:03" hostname="CHMEP91BZXF3" time="4.027">
  <properties/>
  <testcase name="Creating an user" classname="Create an user on Reqres.in" time="4.027"/>
  <system-out><![CDATA[]]></system-out>
  <system-err><![CDATA[[Test worker] WARN net.thucydides.core.steps.BaseStepListener - stepStarted: net.thucydides.core.steps.ExecutedStepDescription@4ca6f14e
[Test worker] WARN net.thucydides.core.steps.BaseStepListener - stepStarted: net.thucydides.core.steps.ExecutedStepDescription@7c8dfdae
[Test worker] WARN net.thucydides.core.steps.BaseStepListener - stepStarted: net.thucydides.core.steps.ExecutedStepDescription@6f1985f3
[Test worker] WARN net.thucydides.core.steps.BaseStepListener - stepStarted: net.thucydides.core.steps.ExecutedStepDescription@2e824088
[Test worker] WARN net.thucydides.core.steps.BaseStepListener - stepStarted: net.thucydides.core.steps.ExecutedStepDescription@7dfa7314
[Test worker] WARN net.thucydides.core.steps.BaseStepListener - stepFinished: current outcome:Creating an user:When you create an user
| name | job |
| brandon | java | [Brandon create user rest [Brandon with post [brandon executes a POST on the resource /api/users [POST https://reqres.in/api/users]]]]
[Test worker] WARN net.thucydides.core.steps.BaseStepListener - stepFinished: current outcome:Creating an user:When you create an user
| name | job |
| brandon | java | [Brandon create user rest [Brandon with post [brandon executes a POST on the resource /api/users [POST https://reqres.in/api/users]]]]
[Test worker] WARN net.thucydides.core.steps.BaseStepListener - stepFinished: current outcome:Creating an user:When you create an user
| name | job |
| brandon | java | [Brandon create user rest [Brandon with post [brandon executes a POST on the resource /api/users [POST https://reqres.in/api/users]]]]
[Test worker] WARN net.thucydides.core.steps.BaseStepListener - stepFinished: current outcome:Creating an user:When you create an user
| name | job |
| brandon | java | [Brandon create user rest [Brandon with post [brandon executes a POST on the resource /api/users [POST https://reqres.in/api/users]]]]
[Test worker] WARN net.thucydides.core.steps.BaseStepListener - stepFinished: current outcome:Creating an user:When you create an user
| name | job |
| brandon | java | [Brandon create user rest [Brandon with post [brandon executes a POST on the resource /api/users [POST https://reqres.in/api/users]]]]
[Test worker] WARN net.thucydides.core.steps.BaseStepListener - stepStarted: net.thucydides.core.steps.ExecutedStepDescription@22294e96
[Test worker] WARN net.thucydides.core.steps.BaseStepListener - stepStarted: net.thucydides.core.steps.ExecutedStepDescription@5c2333eb
[Test worker] WARN net.thucydides.core.steps.BaseStepListener - stepFinished: current outcome:Creating an user:When you create an user
| name | job |
| brandon | java | [Brandon create user rest [Brandon with post [brandon executes a POST on the resource /api/users [POST https://reqres.in/api/users]]]], Then I should see the user created [Then last response status code]
[Test worker] WARN net.thucydides.core.steps.BaseStepListener - stepFinished: current outcome:Creating an user:When you create an user
| name | job |
| brandon | java | [Brandon create user rest [Brandon with post [brandon executes a POST on the resource /api/users [POST https://reqres.in/api/users]]]], Then I should see the user created [Then last response status code]
[Test worker] WARN net.thucydides.core.steps.BaseStepListener - testFinished: Creating an user:When you create an user
| name | job |
| brandon | java | [Brandon create user rest [Brandon with post [brandon executes a POST on the resource /api/users [POST https://reqres.in/api/users]]]], Then I should see the user created [Then last response status code]
[Test worker] WARN net.thucydides.core.steps.BaseStepListener - TestOutcomes: [Creating an user:When you create an user
| name | job |
| brandon | java | [Brandon create user rest [Brandon with post [brandon executes a POST on the resource /api/users [POST https://reqres.in/api/users]]]], Then I should see the user created [Then last response status code]]
[Test worker] WARN net.thucydides.core.steps.BaseStepListener - Final testOutcomes: [Creating an user:When you create an user
| name | job |
| brandon | java | [Brandon create user rest [Brandon with post [brandon executes a POST on the resource /api/users [POST https://reqres.in/api/users]]]], Then I should see the user created [Then last response status code]]
[Test worker] INFO net.thucydides.core.steps.ConsoleLoggingListener - 
        __    _____ _____ ____ _____   ____   _    ____  ____  _____ ____  
  _     \ \  |_   _| ____/ ___|_   _| |  _ \ / \  / ___|/ ___|| ____|  _ \ 
 (_)_____| |   | | |  _| \___ \ | |   | |_) / _ \ \___ \\___ \|  _| | | | |
  _|_____| |   | | | |___ ___) || |   |  __/ ___ \ ___) |___) | |___| |_| |
 (_)     | |   |_| |_____|____/ |_|   |_| /_/   \_\____/|____/|_____|____/ 
        /_/                                                                

TEST PASSED: Creating an user
----------------------------------------------------------------------------
]]></system-err>
</testsuite>
